Arguments: 
  /usr/local/bin/node /usr/local/Cellar/yarn/1.15.2/libexec/bin/yarn.js install

PATH: 
  /Library/Frameworks/Python.framework/Versions/3.6/bin:/Library/Frameworks/Python.framework/Versions/2.7/bin:/usr/local/bin:/usr/bin:/bin:/usr/sbin:/sbin:/Library/TeX/texbin:/usr/local/share/dotnet:/opt/X11/bin:~/.dotnet/tools:/Library/Frameworks/Mono.framework/Versions/Current/Commands:/Applications/Xamarin Workbooks.app/Contents/SharedSupport/path-bin:/Library/Frameworks/Python.framework/Versions/3.6/bin:/Library/Frameworks/Python.framework/Versions/2.7/bin

Yarn version: 
  1.15.2

Node version: 
  10.15.3

Platform: 
  darwin x64

Trace: 
  SyntaxError: /Users/andersbendiksen/codetemp/stella-polaris-dashboard/package.json: Unexpected token / in JSON at position 1131
      at JSON.parse (<anonymous>)
      at /usr/local/Cellar/yarn/1.15.2/libexec/lib/cli.js:1625:59
      at Generator.next (<anonymous>)
      at step (/usr/local/Cellar/yarn/1.15.2/libexec/lib/cli.js:304:30)
      at /usr/local/Cellar/yarn/1.15.2/libexec/lib/cli.js:315:13

npm manifest: 
  {
    "name": "stella-polaris",
    "version": "0.1.0",
    "private": true,
    "license": "AEJ / Haneseth Automasjon",
    "author": "AEJ",
    "dependencies": {
      "apexcharts": "^3.6.2",
      "bootstrap": "^4.2.1",
      "echarts": "^4.2.0-rc.2",
      "echarts-for-react": "^2.0.15-beta.0",
      "faker": "^4.1.0",
      "google-map-react": "^1.1.2",
      "history": "^4.7.2",
      "node-sass": "^4.11.0",
      "moment": "^2.24.0",
      "prop-types": "^15.7.2",
      "react": "^16.8.4",
      "react-accessible-accordion": "^2.4.5",
      "react-apexcharts": "^1.3.0",
      "react-bootstrap": "^1.0.0-beta.5",
      "react-bootstrap-daterangepicker": "^4.1.0",
      "react-dom": "^16.8.4",
      "react-feather": "^1.1.6",
      "react-flip-move": "^3.0.3",
      "react-icofont": "0.0.6",
      "react-images": "^0.5.19",
      "react-live-clock": "^3.1.0",
      "react-router-dom": "^4.3.1",
      "react-scripts": "^2.1.8",
      "webpack": "4.28.3"
    },
    "scripts": {
      "start": "react-scripts start",
      "build": "react-scripts build",
      "test": "react-scripts test",
      "eject": "react-scripts eject"
    },
    "eslintConfig": {
      "extends": "react-app"
    },
    /*
    "engines": {
      "node": "10.15.0",
      "npm": "3.10.10",
      "yarn": "1.13.0"
    },*/
    "browserslist": [
      ">0.2%",
      "not dead",
      "not ie <= 11",
      "not op_mini all"
    ]
  }

yarn manifest: 
  No manifest

Lockfile: 
  No lockfile
